<?xml version="1.0" encoding="UTF-8"?>
<!-- Generated by org.testng.reporters.JUnitXMLReporter -->
<testsuite ignored="1" hostname="DESKTOP-FH74GP9" failures="0" tests="1" name="Test" time="97.619" errors="0" timestamp="2023-07-31T15:38:23 IST">
  <testcase classname="vtigertestScript.ActualnameTest" name="regional" time="0.013"/>
  <testcase classname="vtigertestScript.ActualnameTest" name="createorgname" time="0.0">
    <ignored/>
  </testcase> <!-- createorgname -->
</testsuite> <!-- Test -->
